core_num = 30
chip_num = 1
phase_num = 24
pause_phase = 24
phase_num4 = 8
phase_loop = 1
svn_ver = Lynabc_hw3_20240112_1.17.0_0004
inputs = [(5,0), ]
outputs = [(5,23), ]
input_buf_addr = 0x9b6000000
input_size = 44
output_buf_addr = 0x9b5ffff80
output_size = 4
batch_size = 1
base_addr = 0x9be000000
datachain_addr = 0x900000000
run_mode = 2
lookup_mbatch = 64
perf_en = 0
wdat_en = 0

ddr_in_phase1 = -1
ddr_in_addr1 = 0x8c0000000
ddr_in_file1 = ../../../../../apu_x/lookup_ddr_addr.bin
ddr_in_len1 = 512

ddr_out_phase1 = 23
ddr_out_addr1 = 0x9c0000000
ddr_out_file1 = output_ddr.dat
ddr_out_len1 = 4

built_time = "2025/04/02 17:15:03"
