Determining if the pthread_create exist failed with the following output:
Change Dir: /home/apollo/Downloads/hyper_dvs/bidl-v1.7.0/tutorial/build_snn_from_scratch_pytorch/custom_op_in_pytorch/build/CMakeFiles/CMakeTmp

Run Build Command:"/usr/bin/make" "cmTC_e72be/fast"
/usr/bin/make -f CMakeFiles/cmTC_e72be.dir/build.make CMakeFiles/cmTC_e72be.dir/build
make[1]: Entering directory '/home/apollo/Downloads/hyper_dvs/bidl-v1.7.0/tutorial/build_snn_from_scratch_pytorch/custom_op_in_pytorch/build/CMakeFiles/CMakeTmp'
Building C object CMakeFiles/cmTC_e72be.dir/CheckSymbolExists.c.o
/usr/bin/cc    -o CMakeFiles/cmTC_e72be.dir/CheckSymbolExists.c.o   -c /home/apollo/Downloads/hyper_dvs/bidl-v1.7.0/tutorial/build_snn_from_scratch_pytorch/custom_op_in_pytorch/build/CMakeFiles/CMakeTmp/CheckSymbolExists.c
Linking C executable cmTC_e72be
/usr/bin/cmake -E cmake_link_script CMakeFiles/cmTC_e72be.dir/link.txt --verbose=1
/usr/bin/cc      -rdynamic CMakeFiles/cmTC_e72be.dir/CheckSymbolExists.c.o  -o cmTC_e72be 
CMakeFiles/cmTC_e72be.dir/CheckSymbolExists.c.o: In function `main':
CheckSymbolExists.c:(.text+0x1b): undefined reference to `pthread_create'
collect2: error: ld returned 1 exit status
CMakeFiles/cmTC_e72be.dir/build.make:97: recipe for target 'cmTC_e72be' failed
make[1]: *** [cmTC_e72be] Error 1
make[1]: Leaving directory '/home/apollo/Downloads/hyper_dvs/bidl-v1.7.0/tutorial/build_snn_from_scratch_pytorch/custom_op_in_pytorch/build/CMakeFiles/CMakeTmp'
Makefile:126: recipe for target 'cmTC_e72be/fast' failed
make: *** [cmTC_e72be/fast] Error 2

File /home/apollo/Downloads/hyper_dvs/bidl-v1.7.0/tutorial/build_snn_from_scratch_pytorch/custom_op_in_pytorch/build/CMakeFiles/CMakeTmp/CheckSymbolExists.c:
/* */
#include <pthread.h>

int main(int argc, char** argv)
{
  (void)argv;
#ifndef pthread_create
  return ((int*)(&pthread_create))[argc];
#else
  (void)argc;
  return 0;
#endif
}

Determining if the function pthread_create exists in the pthreads failed with the following output:
Change Dir: /home/apollo/Downloads/hyper_dvs/bidl-v1.7.0/tutorial/build_snn_from_scratch_pytorch/custom_op_in_pytorch/build/CMakeFiles/CMakeTmp

Run Build Command:"/usr/bin/make" "cmTC_7bdab/fast"
/usr/bin/make -f CMakeFiles/cmTC_7bdab.dir/build.make CMakeFiles/cmTC_7bdab.dir/build
make[1]: Entering directory '/home/apollo/Downloads/hyper_dvs/bidl-v1.7.0/tutorial/build_snn_from_scratch_pytorch/custom_op_in_pytorch/build/CMakeFiles/CMakeTmp'
Building C object CMakeFiles/cmTC_7bdab.dir/CheckFunctionExists.c.o
/usr/bin/cc   -DCHECK_FUNCTION_EXISTS=pthread_create   -o CMakeFiles/cmTC_7bdab.dir/CheckFunctionExists.c.o   -c /usr/share/cmake-3.10/Modules/CheckFunctionExists.c
Linking C executable cmTC_7bdab
/usr/bin/cmake -E cmake_link_script CMakeFiles/cmTC_7bdab.dir/link.txt --verbose=1
/usr/bin/cc  -DCHECK_FUNCTION_EXISTS=pthread_create    -rdynamic CMakeFiles/cmTC_7bdab.dir/CheckFunctionExists.c.o  -o cmTC_7bdab -lpthreads 
/usr/bin/ld: cannot find -lpthreads
collect2: error: ld returned 1 exit status
CMakeFiles/cmTC_7bdab.dir/build.make:97: recipe for target 'cmTC_7bdab' failed
make[1]: *** [cmTC_7bdab] Error 1
make[1]: Leaving directory '/home/apollo/Downloads/hyper_dvs/bidl-v1.7.0/tutorial/build_snn_from_scratch_pytorch/custom_op_in_pytorch/build/CMakeFiles/CMakeTmp'
Makefile:126: recipe for target 'cmTC_7bdab/fast' failed
make: *** [cmTC_7bdab/fast] Error 2


